1727982152: mosquitto version 2.0.19 starting
1727982152: Config loaded from /mosquitto/config/mosquitto.conf.
1727982152: Opening ipv4 listen socket on port 1883.
1727982152: Opening ipv6 listen socket on port 1883.
1727982152: mosquitto version 2.0.19 running
1727982281: mosquitto version 2.0.19 terminating
1727982281: Saving in-memory database to /mosquitto/data//mosquitto.db.
1727984143: mosquitto version 2.0.19 starting
1727984143: Config loaded from /mosquitto/config/mosquitto.conf.
1727984143: Opening ipv4 listen socket on port 1883.
1727984143: Opening ipv6 listen socket on port 1883.
1727984143: mosquitto version 2.0.19 running
1727984187: mosquitto version 2.0.19 terminating
1727984187: Saving in-memory database to /mosquitto/data//mosquitto.db.
1727984308: mosquitto version 2.0.19 starting
1727984308: Config loaded from /mosquitto/config/mosquitto.conf.
1727984308: Opening ipv4 listen socket on port 1883.
1727984308: Opening ipv6 listen socket on port 1883.
1727984308: mosquitto version 2.0.19 running
1727984404: mosquitto version 2.0.19 terminating
1727984404: Saving in-memory database to /mosquitto/data//mosquitto.db.
1727984522: mosquitto version 2.0.19 starting
1727984522: Config loaded from /mosquitto/config/mosquitto.conf.
1727984522: Opening ipv4 listen socket on port 1883.
1727984522: Opening ipv6 listen socket on port 1883.
1727984522: mosquitto version 2.0.19 running
1727984935: mosquitto version 2.0.19 terminating
1727984935: Saving in-memory database to /mosquitto/data//mosquitto.db.
1727985061: mosquitto version 2.0.19 starting
1727985061: Config loaded from /mosquitto/config/mosquitto.conf.
1727985061: Opening ipv4 listen socket on port 1883.
1727985061: Opening ipv6 listen socket on port 1883.
1727985061: mosquitto version 2.0.19 running
1727986395: mosquitto version 2.0.19 terminating
1727986395: Saving in-memory database to /mosquitto/data//mosquitto.db.
1727986533: mosquitto version 2.0.19 starting
1727986533: Config loaded from /mosquitto/config/mosquitto.conf.
1727986533: Opening ipv4 listen socket on port 1883.
1727986533: Opening ipv6 listen socket on port 1883.
1727986533: mosquitto version 2.0.19 running
1727986935: mosquitto version 2.0.19 terminating
1727986935: Saving in-memory database to /mosquitto/data//mosquitto.db.
1727987066: mosquitto version 2.0.19 starting
1727987066: Config loaded from /mosquitto/config/mosquitto.conf.
1727987066: Opening ipv4 listen socket on port 1883.
1727987066: Opening ipv6 listen socket on port 1883.
1727987066: mosquitto version 2.0.19 running
1727988147: mosquitto version 2.0.19 terminating
1727988147: Saving in-memory database to /mosquitto/data//mosquitto.db.
1727988277: mosquitto version 2.0.19 starting
1727988277: Config loaded from /mosquitto/config/mosquitto.conf.
1727988277: Opening ipv4 listen socket on port 1883.
1727988277: Opening ipv6 listen socket on port 1883.
1727988277: mosquitto version 2.0.19 running
1727988969: mosquitto version 2.0.19 terminating
1727988969: Saving in-memory database to /mosquitto/data//mosquitto.db.
1727989102: mosquitto version 2.0.19 starting
1727989102: Config loaded from /mosquitto/config/mosquitto.conf.
1727989102: Opening ipv4 listen socket on port 1883.
1727989102: Opening ipv6 listen socket on port 1883.
1727989102: mosquitto version 2.0.19 running
1727989447: mosquitto version 2.0.19 terminating
1727989447: Saving in-memory database to /mosquitto/data//mosquitto.db.
1727989614: mosquitto version 2.0.19 starting
1727989614: Config loaded from /mosquitto/config/mosquitto.conf.
1727989614: Opening ipv4 listen socket on port 1883.
1727989614: Opening ipv6 listen socket on port 1883.
1727989614: mosquitto version 2.0.19 running
1727991415: Saving in-memory database to /mosquitto/data//mosquitto.db.
1727993216: Saving in-memory database to /mosquitto/data//mosquitto.db.
1727995017: Saving in-memory database to /mosquitto/data//mosquitto.db.
1727996818: Saving in-memory database to /mosquitto/data//mosquitto.db.
1727998619: Saving in-memory database to /mosquitto/data//mosquitto.db.
1728001000: Saving in-memory database to /mosquitto/data//mosquitto.db.
1728002801: Saving in-memory database to /mosquitto/data//mosquitto.db.
1728004664: Saving in-memory database to /mosquitto/data//mosquitto.db.
1728007888: Saving in-memory database to /mosquitto/data//mosquitto.db.
1728011703: Saving in-memory database to /mosquitto/data//mosquitto.db.
1728014016: Saving in-memory database to /mosquitto/data//mosquitto.db.
1728018984: Saving in-memory database to /mosquitto/data//mosquitto.db.
1728023839: Saving in-memory database to /mosquitto/data//mosquitto.db.
1728028578: Saving in-memory database to /mosquitto/data//mosquitto.db.
1728033623: Saving in-memory database to /mosquitto/data//mosquitto.db.
1728038443: Saving in-memory database to /mosquitto/data//mosquitto.db.
1728041440: Saving in-memory database to /mosquitto/data//mosquitto.db.
1728043413: Saving in-memory database to /mosquitto/data//mosquitto.db.
1728045214: Saving in-memory database to /mosquitto/data//mosquitto.db.
1728047015: Saving in-memory database to /mosquitto/data//mosquitto.db.
1728048816: Saving in-memory database to /mosquitto/data//mosquitto.db.
1728050617: Saving in-memory database to /mosquitto/data//mosquitto.db.
